<?xml version="1.0" encoding="UTF-8"?>
<coverage generated="1772421499609" clover="3.2.0">
  <project timestamp="1772421499609" name="All files">
    <metrics statements="95" coveredstatements="95" conditionals="37" coveredconditionals="34" methods="31" coveredmethods="27" elements="163" coveredelements="156" complexity="0" loc="95" ncloc="95" packages="6" files="7" classes="7"/>
    <package name="components.NavButton">
      <metrics statements="11" coveredstatements="11" conditionals="8" coveredconditionals="8" methods="3" coveredmethods="3"/>
      <file name="NavButton.tsx" path="/Users/sreyas/Desktop/try/VideoCarousel/src/components/NavButton/NavButton.tsx">
        <metrics statements="11" coveredstatements="11" conditionals="8" coveredconditionals="8" methods="3" coveredmethods="3"/>
        <line num="1" count="2" type="stmt"/>
        <line num="2" count="2" type="stmt"/>
        <line num="3" count="2" type="stmt"/>
        <line num="4" count="2" type="stmt"/>
        <line num="12" count="2" type="stmt"/>
        <line num="13" count="21" type="stmt"/>
        <line num="16" count="2" type="stmt"/>
        <line num="17" count="21" type="stmt"/>
        <line num="21" count="2" type="stmt"/>
        <line num="26" count="42" type="cond" truecount="2" falsecount="0"/>
        <line num="28" count="42" type="stmt"/>
      </file>
    </package>
    <package name="components.VideoCard">
      <metrics statements="7" coveredstatements="7" conditionals="8" coveredconditionals="8" methods="1" coveredmethods="1"/>
      <file name="VideoCard.tsx" path="/Users/sreyas/Desktop/try/VideoCarousel/src/components/VideoCard/VideoCard.tsx">
        <metrics statements="7" coveredstatements="7" conditionals="8" coveredconditionals="8" methods="1" coveredmethods="1"/>
        <line num="1" count="2" type="stmt"/>
        <line num="3" count="2" type="stmt"/>
        <line num="4" count="2" type="stmt"/>
        <line num="5" count="2" type="stmt"/>
        <line num="14" count="2" type="stmt"/>
        <line num="20" count="95" type="stmt"/>
        <line num="25" count="95" type="stmt"/>
      </file>
    </package>
    <package name="components.VideoCarousel">
      <metrics statements="17" coveredstatements="17" conditionals="3" coveredconditionals="2" methods="6" coveredmethods="4"/>
      <file name="VideoCarousel.tsx" path="/Users/sreyas/Desktop/try/VideoCarousel/src/components/VideoCarousel/VideoCarousel.tsx">
        <metrics statements="17" coveredstatements="17" conditionals="3" coveredconditionals="2" methods="6" coveredmethods="4"/>
        <line num="1" count="1" type="stmt"/>
        <line num="3" count="1" type="stmt"/>
        <line num="4" count="1" type="stmt"/>
        <line num="5" count="1" type="stmt"/>
        <line num="6" count="1" type="stmt"/>
        <line num="9" count="1" type="stmt"/>
        <line num="10" count="1" type="stmt"/>
        <line num="18" count="1" type="stmt"/>
        <line num="23" count="19" type="stmt"/>
        <line num="25" count="19" type="stmt"/>
        <line num="30" count="19" type="stmt"/>
        <line num="31" count="19" type="stmt"/>
        <line num="32" count="19" type="stmt"/>
        <line num="34" count="19" type="stmt"/>
        <line num="50" count="88" type="stmt"/>
        <line num="51" count="88" type="cond" truecount="0" falsecount="1"/>
        <line num="53" count="88" type="stmt"/>
      </file>
    </package>
    <package name="components.VideoControls">
      <metrics statements="16" coveredstatements="16" conditionals="8" coveredconditionals="8" methods="5" coveredmethods="5"/>
      <file name="VideoControls.tsx" path="/Users/sreyas/Desktop/try/VideoCarousel/src/components/VideoControls/VideoControls.tsx">
        <metrics statements="16" coveredstatements="16" conditionals="8" coveredconditionals="8" methods="5" coveredmethods="5"/>
        <line num="1" count="3" type="stmt"/>
        <line num="2" count="3" type="stmt"/>
        <line num="3" count="3" type="stmt"/>
        <line num="4" count="3" type="stmt"/>
        <line num="5" count="3" type="stmt"/>
        <line num="6" count="3" type="stmt"/>
        <line num="15" count="3" type="stmt"/>
        <line num="16" count="27" type="stmt"/>
        <line num="19" count="3" type="stmt"/>
        <line num="20" count="1" type="stmt"/>
        <line num="23" count="3" type="stmt"/>
        <line num="24" count="1" type="stmt"/>
        <line num="27" count="3" type="stmt"/>
        <line num="28" count="27" type="stmt"/>
        <line num="31" count="3" type="stmt"/>
        <line num="37" count="28" type="stmt"/>
      </file>
    </package>
    <package name="hooks">
      <metrics statements="39" coveredstatements="39" conditionals="10" coveredconditionals="8" methods="13" coveredmethods="11"/>
      <file name="useCarousel.ts" path="/Users/sreyas/Desktop/try/VideoCarousel/src/hooks/useCarousel.ts">
        <metrics statements="14" coveredstatements="14" conditionals="3" coveredconditionals="3" methods="6" coveredmethods="6"/>
        <line num="1" count="2" type="stmt"/>
        <line num="3" count="2" type="stmt"/>
        <line num="21" count="2" type="stmt"/>
        <line num="26" count="32" type="stmt"/>
        <line num="28" count="32" type="stmt"/>
        <line num="30" count="17" type="stmt"/>
        <line num="36" count="32" type="stmt"/>
        <line num="37" count="15" type="stmt"/>
        <line num="38" count="2" type="cond" truecount="1" falsecount="0"/>
        <line num="39" count="2" type="cond" truecount="1" falsecount="0"/>
        <line num="41" count="15" type="stmt"/>
        <line num="42" count="15" type="stmt"/>
        <line num="45" count="32" type="stmt"/>
        <line num="47" count="32" type="stmt"/>
      </file>
      <file name="useVideoPlayback.ts" path="/Users/sreyas/Desktop/try/VideoCarousel/src/hooks/useVideoPlayback.ts">
        <metrics statements="25" coveredstatements="25" conditionals="7" coveredconditionals="5" methods="7" coveredmethods="5"/>
        <line num="1" count="1" type="stmt"/>
        <line num="18" count="1" type="stmt"/>
        <line num="22" count="13" type="stmt"/>
        <line num="23" count="13" type="stmt"/>
        <line num="26" count="13" type="stmt"/>
        <line num="27" count="7" type="stmt"/>
        <line num="28" count="7" type="cond" truecount="0" falsecount="1"/>
        <line num="30" count="7" type="cond" truecount="2" falsecount="0"/>
        <line num="31" count="3" type="stmt"/>
        <line num="34" count="3" type="stmt"/>
        <line num="36" count="4" type="stmt"/>
        <line num="37" count="4" type="stmt"/>
        <line num="38" count="4" type="stmt"/>
        <line num="43" count="13" type="stmt"/>
        <line num="44" count="5" type="cond" truecount="1" falsecount="0"/>
        <line num="45" count="5" type="stmt"/>
        <line num="49" count="13" type="stmt"/>
        <line num="50" count="2" type="stmt"/>
        <line num="51" count="2" type="cond" truecount="0" falsecount="1"/>
        <line num="53" count="2" type="cond" truecount="2" falsecount="0"/>
        <line num="54" count="1" type="stmt"/>
        <line num="57" count="1" type="stmt"/>
        <line num="59" count="1" type="stmt"/>
        <line num="60" count="1" type="stmt"/>
        <line num="64" count="13" type="stmt"/>
      </file>
    </package>
    <package name="utils">
      <metrics statements="5" coveredstatements="5" conditionals="0" coveredconditionals="0" methods="3" coveredmethods="3"/>
      <file name="carousel.ts" path="/Users/sreyas/Desktop/try/VideoCarousel/src/utils/carousel.ts">
        <metrics statements="5" coveredstatements="5" conditionals="0" coveredconditionals="0" methods="3" coveredmethods="3"/>
        <line num="8" count="3" type="stmt"/>
        <line num="9" count="161" type="stmt"/>
        <line num="18" count="3" type="stmt"/>
        <line num="23" count="37" type="stmt"/>
        <line num="24" count="136" type="stmt"/>
      </file>
    </package>
  </project>
</coverage>
