<?xml version="1.0" encoding="UTF-8"?>
<coverage generated="1772400773206" clover="3.2.0">
  <project timestamp="1772400773206" name="All files">
    <metrics statements="100" coveredstatements="100" conditionals="39" coveredconditionals="36" methods="32" coveredmethods="29" elements="171" coveredelements="165" complexity="0" loc="100" ncloc="100" packages="6" files="7" classes="7"/>
    <package name="components.NavButton">
      <metrics statements="11" coveredstatements="11" conditionals="8" coveredconditionals="8" methods="3" coveredmethods="3"/>
      <file name="NavButton.tsx" path="/Users/sreyas/Desktop/try/takehome/src/components/NavButton/NavButton.tsx">
        <metrics statements="11" coveredstatements="11" conditionals="8" coveredconditionals="8" methods="3" coveredmethods="3"/>
        <line num="1" count="2" type="stmt"/>
        <line num="2" count="2" type="stmt"/>
        <line num="3" count="2" type="stmt"/>
        <line num="4" count="2" type="stmt"/>
        <line num="12" count="2" type="stmt"/>
        <line num="13" count="21" type="stmt"/>
        <line num="16" count="2" type="stmt"/>
        <line num="17" count="21" type="stmt"/>
        <line num="21" count="2" type="stmt"/>
        <line num="26" count="42" type="cond" truecount="2" falsecount="0"/>
        <line num="28" count="42" type="stmt"/>
      </file>
    </package>
    <package name="components.VideoCard">
      <metrics statements="7" coveredstatements="7" conditionals="8" coveredconditionals="8" methods="1" coveredmethods="1"/>
      <file name="VideoCard.tsx" path="/Users/sreyas/Desktop/try/takehome/src/components/VideoCard/VideoCard.tsx">
        <metrics statements="7" coveredstatements="7" conditionals="8" coveredconditionals="8" methods="1" coveredmethods="1"/>
        <line num="1" count="2" type="stmt"/>
        <line num="3" count="2" type="stmt"/>
        <line num="4" count="2" type="stmt"/>
        <line num="5" count="2" type="stmt"/>
        <line num="14" count="2" type="stmt"/>
        <line num="20" count="95" type="stmt"/>
        <line num="25" count="95" type="stmt"/>
      </file>
    </package>
    <package name="components.VideoCarousel">
      <metrics statements="17" coveredstatements="17" conditionals="3" coveredconditionals="2" methods="6" coveredmethods="4"/>
      <file name="VideoCarousel.tsx" path="/Users/sreyas/Desktop/try/takehome/src/components/VideoCarousel/VideoCarousel.tsx">
        <metrics statements="17" coveredstatements="17" conditionals="3" coveredconditionals="2" methods="6" coveredmethods="4"/>
        <line num="1" count="1" type="stmt"/>
        <line num="3" count="1" type="stmt"/>
        <line num="4" count="1" type="stmt"/>
        <line num="5" count="1" type="stmt"/>
        <line num="6" count="1" type="stmt"/>
        <line num="9" count="1" type="stmt"/>
        <line num="10" count="1" type="stmt"/>
        <line num="18" count="1" type="stmt"/>
        <line num="23" count="19" type="stmt"/>
        <line num="25" count="19" type="stmt"/>
        <line num="30" count="19" type="stmt"/>
        <line num="31" count="19" type="stmt"/>
        <line num="32" count="19" type="stmt"/>
        <line num="34" count="19" type="stmt"/>
        <line num="50" count="88" type="stmt"/>
        <line num="51" count="88" type="cond" truecount="0" falsecount="1"/>
        <line num="53" count="88" type="stmt"/>
      </file>
    </package>
    <package name="components.VideoControls">
      <metrics statements="16" coveredstatements="16" conditionals="8" coveredconditionals="8" methods="5" coveredmethods="5"/>
      <file name="VideoControls.tsx" path="/Users/sreyas/Desktop/try/takehome/src/components/VideoControls/VideoControls.tsx">
        <metrics statements="16" coveredstatements="16" conditionals="8" coveredconditionals="8" methods="5" coveredmethods="5"/>
        <line num="1" count="3" type="stmt"/>
        <line num="2" count="3" type="stmt"/>
        <line num="3" count="3" type="stmt"/>
        <line num="4" count="3" type="stmt"/>
        <line num="5" count="3" type="stmt"/>
        <line num="6" count="3" type="stmt"/>
        <line num="15" count="3" type="stmt"/>
        <line num="16" count="27" type="stmt"/>
        <line num="19" count="3" type="stmt"/>
        <line num="20" count="1" type="stmt"/>
        <line num="23" count="3" type="stmt"/>
        <line num="24" count="1" type="stmt"/>
        <line num="27" count="3" type="stmt"/>
        <line num="28" count="27" type="stmt"/>
        <line num="31" count="3" type="stmt"/>
        <line num="37" count="28" type="stmt"/>
      </file>
    </package>
    <package name="hooks">
      <metrics statements="44" coveredstatements="44" conditionals="12" coveredconditionals="10" methods="14" coveredmethods="13"/>
      <file name="useCarousel.ts" path="/Users/sreyas/Desktop/try/takehome/src/hooks/useCarousel.ts">
        <metrics statements="14" coveredstatements="14" conditionals="3" coveredconditionals="3" methods="6" coveredmethods="6"/>
        <line num="1" count="2" type="stmt"/>
        <line num="3" count="2" type="stmt"/>
        <line num="21" count="2" type="stmt"/>
        <line num="26" count="32" type="stmt"/>
        <line num="28" count="32" type="stmt"/>
        <line num="30" count="17" type="stmt"/>
        <line num="36" count="32" type="stmt"/>
        <line num="37" count="15" type="stmt"/>
        <line num="38" count="2" type="cond" truecount="1" falsecount="0"/>
        <line num="39" count="2" type="cond" truecount="1" falsecount="0"/>
        <line num="41" count="15" type="stmt"/>
        <line num="42" count="15" type="stmt"/>
        <line num="45" count="32" type="stmt"/>
        <line num="47" count="32" type="stmt"/>
      </file>
      <file name="useVideoPlayback.ts" path="/Users/sreyas/Desktop/try/takehome/src/hooks/useVideoPlayback.ts">
        <metrics statements="30" coveredstatements="30" conditionals="9" coveredconditionals="7" methods="8" coveredmethods="7"/>
        <line num="1" count="1" type="stmt"/>
        <line num="18" count="1" type="stmt"/>
        <line num="22" count="15" type="stmt"/>
        <line num="23" count="15" type="stmt"/>
        <line num="26" count="15" type="stmt"/>
        <line num="27" count="7" type="stmt"/>
        <line num="28" count="7" type="cond" truecount="0" falsecount="1"/>
        <line num="30" count="7" type="stmt"/>
        <line num="32" count="7" type="cond" truecount="2" falsecount="0"/>
        <line num="33" count="3" type="stmt"/>
        <line num="35" count="3" type="cond" truecount="1" falsecount="0"/>
        <line num="41" count="4" type="stmt"/>
        <line num="42" count="4" type="stmt"/>
        <line num="43" count="4" type="cond" truecount="1" falsecount="0"/>
        <line num="46" count="7" type="stmt"/>
        <line num="47" count="7" type="stmt"/>
        <line num="52" count="15" type="stmt"/>
        <line num="53" count="5" type="stmt"/>
        <line num="54" count="5" type="cond" truecount="1" falsecount="0"/>
        <line num="55" count="5" type="stmt"/>
        <line num="59" count="15" type="stmt"/>
        <line num="60" count="2" type="stmt"/>
        <line num="61" count="2" type="cond" truecount="0" falsecount="1"/>
        <line num="63" count="2" type="cond" truecount="2" falsecount="0"/>
        <line num="64" count="1" type="stmt"/>
        <line num="65" count="1" type="stmt"/>
        <line num="66" count="1" type="stmt"/>
        <line num="71" count="1" type="stmt"/>
        <line num="72" count="1" type="stmt"/>
        <line num="76" count="15" type="stmt"/>
      </file>
    </package>
    <package name="utils">
      <metrics statements="5" coveredstatements="5" conditionals="0" coveredconditionals="0" methods="3" coveredmethods="3"/>
      <file name="carousel.ts" path="/Users/sreyas/Desktop/try/takehome/src/utils/carousel.ts">
        <metrics statements="5" coveredstatements="5" conditionals="0" coveredconditionals="0" methods="3" coveredmethods="3"/>
        <line num="8" count="3" type="stmt"/>
        <line num="9" count="161" type="stmt"/>
        <line num="18" count="3" type="stmt"/>
        <line num="23" count="37" type="stmt"/>
        <line num="24" count="136" type="stmt"/>
      </file>
    </package>
  </project>
</coverage>
