{"/Users/sreyas/Desktop/try/VideoCarousel/src/components/NavButton/NavButton.tsx": {"path":"/Users/sreyas/Desktop/try/VideoCarousel/src/components/NavButton/NavButton.tsx","statementMap":{"0":{"start":{"line":1,"column":0},"end":{"line":1,"column":26}},"1":{"start":{"line":2,"column":0},"end":{"line":2,"column":44}},"2":{"start":{"line":3,"column":0},"end":{"line":3,"column":56}},"3":{"start":{"line":4,"column":0},"end":{"line":4,"column":54}},"4":{"start":{"line":12,"column":20},"end":{"line":13,"column":null}},"5":{"start":{"line":13,"column":2},"end":{"line":13,"column":40}},"6":{"start":{"line":16,"column":21},"end":{"line":17,"column":null}},"7":{"start":{"line":17,"column":2},"end":{"line":17,"column":37}},"8":{"start":{"line":21,"column":51},"end":{"line":37,"column":1}},"9":{"start":{"line":26,"column":23},"end":{"line":26,"column":65}},"10":{"start":{"line":28,"column":2},"end":{"line":36,"column":4}},"11":{"start":{"line":21,"column":13},"end":{"line":21,"column":51}}},"fnMap":{"0":{"name":"(anonymous_1)","decl":{"start":{"line":12,"column":20},"end":{"line":12,"column":23}},"loc":{"start":{"line":13,"column":2},"end":{"line":13,"column":40}}},"1":{"name":"(anonymous_2)","decl":{"start":{"line":16,"column":21},"end":{"line":16,"column":24}},"loc":{"start":{"line":17,"column":2},"end":{"line":17,"column":37}}},"2":{"name":"(anonymous_3)","decl":{"start":{"line":21,"column":51},"end":{"line":21,"column":52}},"loc":{"start":{"line":25,"column":5},"end":{"line":37,"column":1}}}},"branchMap":{"0":{"loc":{"start":{"line":26,"column":23},"end":{"line":26,"column":65}},"type":"cond-expr","locations":[{"start":{"line":26,"column":46},"end":{"line":26,"column":56}},{"start":{"line":26,"column":59},"end":{"line":26,"column":65}}]},"1":{"loc":{"start":{"line":32,"column":18},"end":{"line":32,"column":39}},"type":"cond-expr","locations":[{"start":{"line":32,"column":18},"end":{"line":32,"column":23}},{"start":{"line":32,"column":27},"end":{"line":32,"column":39}}]},"2":{"loc":{"start":{"line":32,"column":18},"end":{"line":32,"column":27}},"type":"binary-expr","locations":[{"start":{"line":32,"column":18},"end":{"line":32,"column":27}},{"start":{"line":32,"column":18},"end":{"line":32,"column":27}}]},"3":{"loc":{"start":{"line":34,"column":7},"end":{"line":34,"column":64}},"type":"cond-expr","locations":[{"start":{"line":34,"column":30},"end":{"line":34,"column":45}},{"start":{"line":34,"column":48},"end":{"line":34,"column":64}}]}},"s":{"0":2,"1":2,"2":2,"3":2,"4":2,"5":21,"6":2,"7":21,"8":2,"9":42,"10":42,"11":2},"f":{"0":21,"1":21,"2":42},"b":{"0":[21,21],"1":[1,41],"2":[42,42],"3":[21,21]}}
,"/Users/sreyas/Desktop/try/VideoCarousel/src/components/VideoCard/VideoCard.tsx": {"path":"/Users/sreyas/Desktop/try/VideoCarousel/src/components/VideoCard/VideoCard.tsx","statementMap":{"0":{"start":{"line":1,"column":0},"end":{"line":1,"column":26}},"1":{"start":{"line":3,"column":0},"end":{"line":3,"column":64}},"2":{"start":{"line":4,"column":0},"end":{"line":4,"column":63}},"3":{"start":{"line":5,"column":0},"end":{"line":5,"column":44}},"4":{"start":{"line":14,"column":51},"end":{"line":54,"column":1}},"5":{"start":{"line":20,"column":46},"end":{"line":23,"column":4}},"6":{"start":{"line":25,"column":2},"end":{"line":53,"column":4}},"7":{"start":{"line":14,"column":13},"end":{"line":14,"column":51}}},"fnMap":{"0":{"name":"(anonymous_1)","decl":{"start":{"line":14,"column":51},"end":{"line":14,"column":52}},"loc":{"start":{"line":19,"column":5},"end":{"line":54,"column":1}}}},"branchMap":{"0":{"loc":{"start":{"line":27,"column":35},"end":{"line":27,"column":64}},"type":"cond-expr","locations":[{"start":{"line":27,"column":46},"end":{"line":27,"column":59}},{"start":{"line":27,"column":62},"end":{"line":27,"column":64}}]},"1":{"loc":{"start":{"line":29,"column":20},"end":{"line":29,"column":49}},"type":"cond-expr","locations":[{"start":{"line":29,"column":31},"end":{"line":29,"column":37}},{"start":{"line":29,"column":40},"end":{"line":29,"column":49}}]},"2":{"loc":{"start":{"line":39,"column":20},"end":{"line":39,"column":37}},"type":"cond-expr","locations":[{"start":{"line":39,"column":31},"end":{"line":39,"column":32}},{"start":{"line":39,"column":35},"end":{"line":39,"column":37}}]},"3":{"loc":{"start":{"line":42,"column":9},"end":{"line":48,"column":null}},"type":"binary-expr","locations":[{"start":{"line":42,"column":9},"end":{"line":42,"column":17}},{"start":{"line":43,"column":10},"end":{"line":47,"column":null}}]}},"s":{"0":2,"1":2,"2":2,"3":2,"4":2,"5":95,"6":95,"7":2},"f":{"0":95},"b":{"0":[22,73],"1":[22,73],"2":[22,73],"3":[95,22]}}
,"/Users/sreyas/Desktop/try/VideoCarousel/src/components/VideoCarousel/VideoCarousel.tsx": {"path":"/Users/sreyas/Desktop/try/VideoCarousel/src/components/VideoCarousel/VideoCarousel.tsx","statementMap":{"0":{"start":{"line":1,"column":0},"end":{"line":1,"column":53}},"1":{"start":{"line":3,"column":0},"end":{"line":3,"column":54}},"2":{"start":{"line":4,"column":0},"end":{"line":4,"column":51}},"3":{"start":{"line":5,"column":0},"end":{"line":5,"column":51}},"4":{"start":{"line":6,"column":0},"end":{"line":6,"column":48}},"5":{"start":{"line":9,"column":30},"end":{"line":9,"column":31}},"6":{"start":{"line":10,"column":30},"end":{"line":10,"column":49}},"7":{"start":{"line":18,"column":59},"end":{"line":66,"column":1}},"8":{"start":{"line":23,"column":32},"end":{"line":23,"column":46}},"9":{"start":{"line":25,"column":39},"end":{"line":28,"column":4}},"10":{"start":{"line":30,"column":21},"end":{"line":30,"column":54}},"11":{"start":{"line":30,"column":27},"end":{"line":30,"column":54}},"12":{"start":{"line":30,"column":48},"end":{"line":30,"column":53}},"13":{"start":{"line":31,"column":21},"end":{"line":31,"column":64}},"14":{"start":{"line":31,"column":39},"end":{"line":31,"column":51}},"15":{"start":{"line":32,"column":21},"end":{"line":32,"column":63}},"16":{"start":{"line":32,"column":39},"end":{"line":32,"column":50}},"17":{"start":{"line":34,"column":2},"end":{"line":65,"column":4}},"18":{"start":{"line":50,"column":24},"end":{"line":50,"column":42}},"19":{"start":{"line":51,"column":10},"end":{"line":51,"column":34}},"20":{"start":{"line":51,"column":22},"end":{"line":51,"column":34}},"21":{"start":{"line":53,"column":10},"end":{"line":61,"column":12}},"22":{"start":{"line":18,"column":13},"end":{"line":18,"column":59}}},"fnMap":{"0":{"name":"(anonymous_10)","decl":{"start":{"line":18,"column":59},"end":{"line":18,"column":60}},"loc":{"start":{"line":22,"column":5},"end":{"line":66,"column":1}}},"1":{"name":"(anonymous_11)","decl":{"start":{"line":30,"column":21},"end":{"line":30,"column":24}},"loc":{"start":{"line":30,"column":27},"end":{"line":30,"column":54}}},"2":{"name":"(anonymous_12)","decl":{"start":{"line":30,"column":38},"end":{"line":30,"column":39}},"loc":{"start":{"line":30,"column":48},"end":{"line":30,"column":53}}},"3":{"name":"(anonymous_13)","decl":{"start":{"line":31,"column":33},"end":{"line":31,"column":36}},"loc":{"start":{"line":31,"column":39},"end":{"line":31,"column":51}}},"4":{"name":"(anonymous_14)","decl":{"start":{"line":32,"column":33},"end":{"line":32,"column":36}},"loc":{"start":{"line":32,"column":39},"end":{"line":32,"column":50}}},"5":{"name":"(anonymous_15)","decl":{"start":{"line":49,"column":28},"end":{"line":49,"column":29}},"loc":{"start":{"line":49,"column":53},"end":{"line":62,"column":9}}}},"branchMap":{"0":{"loc":{"start":{"line":20,"column":2},"end":{"line":20,"column":31}},"type":"default-arg","locations":[{"start":{"line":20,"column":10},"end":{"line":20,"column":31}}]},"1":{"loc":{"start":{"line":21,"column":2},"end":{"line":21,"column":38}},"type":"default-arg","locations":[{"start":{"line":21,"column":17},"end":{"line":21,"column":38}}]},"2":{"loc":{"start":{"line":51,"column":10},"end":{"line":51,"column":34}},"type":"if","locations":[{"start":{"line":51,"column":10},"end":{"line":51,"column":34}}]}},"s":{"0":1,"1":1,"2":1,"3":1,"4":1,"5":1,"6":1,"7":1,"8":19,"9":19,"10":19,"11":0,"12":0,"13":19,"14":1,"15":19,"16":6,"17":19,"18":88,"19":88,"20":0,"21":88,"22":1},"f":{"0":19,"1":0,"2":0,"3":1,"4":6,"5":88},"b":{"0":[18],"1":[3],"2":[0]}}
,"/Users/sreyas/Desktop/try/VideoCarousel/src/components/VideoControls/VideoControls.tsx": {"path":"/Users/sreyas/Desktop/try/VideoCarousel/src/components/VideoControls/VideoControls.tsx","statementMap":{"0":{"start":{"line":1,"column":0},"end":{"line":1,"column":26}},"1":{"start":{"line":2,"column":0},"end":{"line":2,"column":48}},"2":{"start":{"line":3,"column":0},"end":{"line":3,"column":43}},"3":{"start":{"line":4,"column":0},"end":{"line":4,"column":40}},"4":{"start":{"line":5,"column":0},"end":{"line":5,"column":44}},"5":{"start":{"line":6,"column":0},"end":{"line":6,"column":40}},"6":{"start":{"line":15,"column":17},"end":{"line":16,"column":null}},"7":{"start":{"line":16,"column":2},"end":{"line":16,"column":54}},"8":{"start":{"line":19,"column":19},"end":{"line":20,"column":null}},"9":{"start":{"line":20,"column":2},"end":{"line":20,"column":58}},"10":{"start":{"line":23,"column":18},"end":{"line":24,"column":null}},"11":{"start":{"line":24,"column":2},"end":{"line":24,"column":56}},"12":{"start":{"line":27,"column":17},"end":{"line":28,"column":null}},"13":{"start":{"line":28,"column":2},"end":{"line":28,"column":54}},"14":{"start":{"line":31,"column":59},"end":{"line":52,"column":null}},"15":{"start":{"line":37,"column":2},"end":{"line":51,"column":null}},"16":{"start":{"line":31,"column":13},"end":{"line":31,"column":59}}},"fnMap":{"0":{"name":"(anonymous_1)","decl":{"start":{"line":15,"column":17},"end":{"line":15,"column":20}},"loc":{"start":{"line":16,"column":2},"end":{"line":16,"column":54}}},"1":{"name":"(anonymous_2)","decl":{"start":{"line":19,"column":19},"end":{"line":19,"column":22}},"loc":{"start":{"line":20,"column":2},"end":{"line":20,"column":58}}},"2":{"name":"(anonymous_3)","decl":{"start":{"line":23,"column":18},"end":{"line":23,"column":21}},"loc":{"start":{"line":24,"column":2},"end":{"line":24,"column":56}}},"3":{"name":"(anonymous_4)","decl":{"start":{"line":27,"column":17},"end":{"line":27,"column":20}},"loc":{"start":{"line":28,"column":2},"end":{"line":28,"column":54}}},"4":{"name":"(anonymous_5)","decl":{"start":{"line":31,"column":59},"end":{"line":31,"column":60}},"loc":{"start":{"line":37,"column":2},"end":{"line":51,"column":null}}}},"branchMap":{"0":{"loc":{"start":{"line":41,"column":18},"end":{"line":41,"column":45}},"type":"cond-expr","locations":[{"start":{"line":41,"column":28},"end":{"line":41,"column":36}},{"start":{"line":41,"column":39},"end":{"line":41,"column":45}}]},"1":{"loc":{"start":{"line":43,"column":7},"end":{"line":43,"column":46}},"type":"cond-expr","locations":[{"start":{"line":43,"column":17},"end":{"line":43,"column":29}},{"start":{"line":43,"column":32},"end":{"line":43,"column":46}}]},"2":{"loc":{"start":{"line":48,"column":18},"end":{"line":48,"column":46}},"type":"cond-expr","locations":[{"start":{"line":48,"column":30},"end":{"line":48,"column":37}},{"start":{"line":48,"column":40},"end":{"line":48,"column":46}}]},"3":{"loc":{"start":{"line":50,"column":7},"end":{"line":50,"column":47}},"type":"cond-expr","locations":[{"start":{"line":50,"column":19},"end":{"line":50,"column":32}},{"start":{"line":50,"column":35},"end":{"line":50,"column":47}}]}},"s":{"0":3,"1":3,"2":3,"3":3,"4":3,"5":3,"6":3,"7":27,"8":3,"9":1,"10":3,"11":1,"12":3,"13":27,"14":3,"15":28,"16":3},"f":{"0":27,"1":1,"2":1,"3":27,"4":28},"b":{"0":[27,1],"1":[27,1],"2":[1,27],"3":[1,27]}}
,"/Users/sreyas/Desktop/try/VideoCarousel/src/hooks/useCarousel.ts": {"path":"/Users/sreyas/Desktop/try/VideoCarousel/src/hooks/useCarousel.ts","statementMap":{"0":{"start":{"line":21,"column":0},"end":{"line":21,"column":16}},"1":{"start":{"line":1,"column":0},"end":{"line":1,"column":57}},"2":{"start":{"line":3,"column":0},"end":{"line":3,"column":67}},"3":{"start":{"line":26,"column":40},"end":{"line":26,"column":62}},"4":{"start":{"line":28,"column":19},"end":{"line":32,"column":null}},"5":{"start":{"line":30,"column":6},"end":{"line":30,"column":69}},"6":{"start":{"line":30,"column":31},"end":{"line":30,"column":67}},"7":{"start":{"line":36,"column":2},"end":{"line":43,"column":17}},"8":{"start":{"line":37,"column":26},"end":{"line":40,"column":5}},"9":{"start":{"line":38,"column":6},"end":{"line":38,"column":46}},"10":{"start":{"line":38,"column":33},"end":{"line":38,"column":46}},"11":{"start":{"line":39,"column":6},"end":{"line":39,"column":46}},"12":{"start":{"line":39,"column":34},"end":{"line":39,"column":46}},"13":{"start":{"line":41,"column":4},"end":{"line":41,"column":54}},"14":{"start":{"line":42,"column":4},"end":{"line":42,"column":70}},"15":{"start":{"line":42,"column":17},"end":{"line":42,"column":69}},"16":{"start":{"line":45,"column":25},"end":{"line":45,"column":76}},"17":{"start":{"line":47,"column":2},"end":{"line":47,"column":51}}},"fnMap":{"0":{"name":"useCarousel","decl":{"start":{"line":21,"column":16},"end":{"line":21,"column":27}},"loc":{"start":{"line":25,"column":21},"end":{"line":48,"column":1}}},"1":{"name":"(anonymous_1)","decl":{"start":{"line":29,"column":4},"end":{"line":29,"column":5}},"loc":{"start":{"line":29,"column":39},"end":{"line":31,"column":5}}},"2":{"name":"(anonymous_2)","decl":{"start":{"line":30,"column":21},"end":{"line":30,"column":22}},"loc":{"start":{"line":30,"column":31},"end":{"line":30,"column":67}}},"3":{"name":"(anonymous_3)","decl":{"start":{"line":36,"column":12},"end":{"line":36,"column":15}},"loc":{"start":{"line":36,"column":17},"end":{"line":43,"column":3}}},"4":{"name":"(anonymous_4)","decl":{"start":{"line":37,"column":26},"end":{"line":37,"column":27}},"loc":{"start":{"line":37,"column":47},"end":{"line":40,"column":5}}},"5":{"name":"(anonymous_5)","decl":{"start":{"line":42,"column":11},"end":{"line":42,"column":14}},"loc":{"start":{"line":42,"column":17},"end":{"line":42,"column":69}}}},"branchMap":{"0":{"loc":{"start":{"line":24,"column":2},"end":{"line":24,"column":18}},"type":"default-arg","locations":[{"start":{"line":24,"column":17},"end":{"line":24,"column":18}}]},"1":{"loc":{"start":{"line":38,"column":6},"end":{"line":38,"column":46}},"type":"if","locations":[{"start":{"line":38,"column":6},"end":{"line":38,"column":46}}]},"2":{"loc":{"start":{"line":39,"column":6},"end":{"line":39,"column":46}},"type":"if","locations":[{"start":{"line":39,"column":6},"end":{"line":39,"column":46}}]}},"s":{"0":2,"1":2,"2":2,"3":32,"4":32,"5":17,"6":17,"7":32,"8":15,"9":2,"10":1,"11":2,"12":1,"13":15,"14":15,"15":15,"16":32,"17":32},"f":{"0":32,"1":17,"2":17,"3":15,"4":2,"5":15},"b":{"0":[28],"1":[1],"2":[1]}}
,"/Users/sreyas/Desktop/try/VideoCarousel/src/hooks/useVideoPlayback.ts": {"path":"/Users/sreyas/Desktop/try/VideoCarousel/src/hooks/useVideoPlayback.ts","statementMap":{"0":{"start":{"line":18,"column":0},"end":{"line":18,"column":16}},"1":{"start":{"line":1,"column":0},"end":{"line":1,"column":52}},"2":{"start":{"line":22,"column":19},"end":{"line":22,"column":49}},"3":{"start":{"line":23,"column":36},"end":{"line":23,"column":51}},"4":{"start":{"line":26,"column":2},"end":{"line":40,"column":17}},"5":{"start":{"line":27,"column":15},"end":{"line":27,"column":31}},"6":{"start":{"line":28,"column":4},"end":{"line":28,"column":20}},"7":{"start":{"line":28,"column":13},"end":{"line":28,"column":20}},"8":{"start":{"line":30,"column":4},"end":{"line":39,"column":5}},"9":{"start":{"line":31,"column":6},"end":{"line":33,"column":9}},"10":{"start":{"line":34,"column":6},"end":{"line":34,"column":25}},"11":{"start":{"line":36,"column":6},"end":{"line":36,"column":17}},"12":{"start":{"line":37,"column":6},"end":{"line":37,"column":25}},"13":{"start":{"line":38,"column":6},"end":{"line":38,"column":26}},"14":{"start":{"line":43,"column":2},"end":{"line":47,"column":16}},"15":{"start":{"line":44,"column":4},"end":{"line":46,"column":5}},"16":{"start":{"line":45,"column":6},"end":{"line":45,"column":39}},"17":{"start":{"line":49,"column":21},"end":{"line":62,"column":4}},"18":{"start":{"line":49,"column":32},"end":{"line":62,"column":4}},"19":{"start":{"line":50,"column":15},"end":{"line":50,"column":31}},"20":{"start":{"line":51,"column":4},"end":{"line":51,"column":20}},"21":{"start":{"line":51,"column":13},"end":{"line":51,"column":20}},"22":{"start":{"line":53,"column":4},"end":{"line":61,"column":5}},"23":{"start":{"line":54,"column":6},"end":{"line":56,"column":9}},"24":{"start":{"line":57,"column":6},"end":{"line":57,"column":25}},"25":{"start":{"line":59,"column":6},"end":{"line":59,"column":17}},"26":{"start":{"line":60,"column":6},"end":{"line":60,"column":26}},"27":{"start":{"line":64,"column":2},"end":{"line":64,"column":45}}},"fnMap":{"0":{"name":"useVideoPlayback","decl":{"start":{"line":18,"column":16},"end":{"line":18,"column":32}},"loc":{"start":{"line":21,"column":26},"end":{"line":65,"column":1}}},"1":{"name":"(anonymous_8)","decl":{"start":{"line":26,"column":12},"end":{"line":26,"column":15}},"loc":{"start":{"line":26,"column":17},"end":{"line":40,"column":3}}},"2":{"name":"(anonymous_9)","decl":{"start":{"line":31,"column":22},"end":{"line":31,"column":25}},"loc":{"start":{"line":31,"column":27},"end":{"line":33,"column":7}}},"3":{"name":"(anonymous_10)","decl":{"start":{"line":43,"column":12},"end":{"line":43,"column":15}},"loc":{"start":{"line":43,"column":17},"end":{"line":47,"column":3}}},"4":{"name":"(anonymous_11)","decl":{"start":{"line":49,"column":21},"end":{"line":49,"column":30}},"loc":{"start":{"line":49,"column":32},"end":{"line":62,"column":4}}},"5":{"name":"(anonymous_12)","decl":{"start":{"line":49,"column":32},"end":{"line":49,"column":null}},"loc":{"start":{"line":49,"column":32},"end":{"line":62,"column":3}}},"6":{"name":"(anonymous_13)","decl":{"start":{"line":54,"column":28},"end":{"line":54,"column":31}},"loc":{"start":{"line":54,"column":33},"end":{"line":56,"column":7}}}},"branchMap":{"0":{"loc":{"start":{"line":28,"column":4},"end":{"line":28,"column":20}},"type":"if","locations":[{"start":{"line":28,"column":4},"end":{"line":28,"column":20}}]},"1":{"loc":{"start":{"line":30,"column":4},"end":{"line":39,"column":5}},"type":"if","locations":[{"start":{"line":30,"column":4},"end":{"line":39,"column":5}},{"start":{"line":35,"column":11},"end":{"line":39,"column":5}}]},"2":{"loc":{"start":{"line":44,"column":4},"end":{"line":46,"column":5}},"type":"if","locations":[{"start":{"line":44,"column":4},"end":{"line":46,"column":5}}]},"3":{"loc":{"start":{"line":51,"column":4},"end":{"line":51,"column":20}},"type":"if","locations":[{"start":{"line":51,"column":4},"end":{"line":51,"column":20}}]},"4":{"loc":{"start":{"line":53,"column":4},"end":{"line":61,"column":5}},"type":"if","locations":[{"start":{"line":53,"column":4},"end":{"line":61,"column":5}},{"start":{"line":58,"column":11},"end":{"line":61,"column":5}}]}},"s":{"0":1,"1":1,"2":13,"3":13,"4":13,"5":7,"6":7,"7":0,"8":7,"9":3,"10":3,"11":4,"12":4,"13":4,"14":13,"15":5,"16":5,"17":13,"18":2,"19":2,"20":2,"21":0,"22":2,"23":1,"24":1,"25":1,"26":1,"27":13},"f":{"0":13,"1":7,"2":0,"3":5,"4":2,"5":2,"6":0},"b":{"0":[0],"1":[3,4],"2":[5],"3":[0],"4":[1,1]}}
,"/Users/sreyas/Desktop/try/VideoCarousel/src/utils/carousel.ts": {"path":"/Users/sreyas/Desktop/try/VideoCarousel/src/utils/carousel.ts","statementMap":{"0":{"start":{"line":8,"column":0},"end":{"line":8,"column":16}},"1":{"start":{"line":18,"column":0},"end":{"line":18,"column":16}},"2":{"start":{"line":9,"column":2},"end":{"line":9,"column":42}},"3":{"start":{"line":23,"column":2},"end":{"line":25,"column":4}},"4":{"start":{"line":24,"column":4},"end":{"line":24,"column":44}}},"fnMap":{"0":{"name":"circularMod","decl":{"start":{"line":8,"column":16},"end":{"line":8,"column":27}},"loc":{"start":{"line":8,"column":53},"end":{"line":10,"column":1}}},"1":{"name":"getVisibleIndices","decl":{"start":{"line":18,"column":16},"end":{"line":18,"column":33}},"loc":{"start":{"line":21,"column":15},"end":{"line":26,"column":1}}},"2":{"name":"(anonymous_2)","decl":{"start":{"line":23,"column":39},"end":{"line":23,"column":40}},"loc":{"start":{"line":24,"column":4},"end":{"line":24,"column":44}}}},"branchMap":{},"s":{"0":3,"1":3,"2":161,"3":37,"4":136},"f":{"0":161,"1":37,"2":136},"b":{}}
}
