TN:
SF:src/components/NavButton/NavButton.tsx
FN:12,(anonymous_1)
FN:16,(anonymous_2)
FN:21,(anonymous_3)
FNF:3
FNH:3
FNDA:21,(anonymous_1)
FNDA:21,(anonymous_2)
FNDA:42,(anonymous_3)
DA:1,2
DA:2,2
DA:3,2
DA:4,2
DA:12,2
DA:13,21
DA:16,2
DA:17,21
DA:21,2
DA:26,42
DA:28,42
LF:11
LH:11
BRDA:26,0,0,21
BRDA:26,0,1,21
BRDA:32,1,0,1
BRDA:32,1,1,41
BRDA:32,2,0,42
BRDA:32,2,1,42
BRDA:34,3,0,21
BRDA:34,3,1,21
BRF:8
BRH:8
end_of_record
TN:
SF:src/components/VideoCard/VideoCard.tsx
FN:14,(anonymous_1)
FNF:1
FNH:1
FNDA:95,(anonymous_1)
DA:1,2
DA:3,2
DA:4,2
DA:5,2
DA:14,2
DA:20,95
DA:25,95
LF:7
LH:7
BRDA:27,0,0,22
BRDA:27,0,1,73
BRDA:29,1,0,22
BRDA:29,1,1,73
BRDA:39,2,0,22
BRDA:39,2,1,73
BRDA:42,3,0,95
BRDA:42,3,1,22
BRF:8
BRH:8
end_of_record
TN:
SF:src/components/VideoCarousel/VideoCarousel.tsx
FN:18,(anonymous_10)
FN:30,(anonymous_11)
FN:30,(anonymous_12)
FN:31,(anonymous_13)
FN:32,(anonymous_14)
FN:49,(anonymous_15)
FNF:6
FNH:4
FNDA:19,(anonymous_10)
FNDA:0,(anonymous_11)
FNDA:0,(anonymous_12)
FNDA:1,(anonymous_13)
FNDA:6,(anonymous_14)
FNDA:88,(anonymous_15)
DA:1,1
DA:3,1
DA:4,1
DA:5,1
DA:6,1
DA:9,1
DA:10,1
DA:18,1
DA:23,19
DA:25,19
DA:30,19
DA:31,19
DA:32,19
DA:34,19
DA:50,88
DA:51,88
DA:53,88
LF:17
LH:17
BRDA:20,0,0,18
BRDA:21,1,0,3
BRDA:51,2,0,0
BRF:3
BRH:2
end_of_record
TN:
SF:src/components/VideoControls/VideoControls.tsx
FN:15,(anonymous_1)
FN:19,(anonymous_2)
FN:23,(anonymous_3)
FN:27,(anonymous_4)
FN:31,(anonymous_5)
FNF:5
FNH:5
FNDA:27,(anonymous_1)
FNDA:1,(anonymous_2)
FNDA:1,(anonymous_3)
FNDA:27,(anonymous_4)
FNDA:28,(anonymous_5)
DA:1,3
DA:2,3
DA:3,3
DA:4,3
DA:5,3
DA:6,3
DA:15,3
DA:16,27
DA:19,3
DA:20,1
DA:23,3
DA:24,1
DA:27,3
DA:28,27
DA:31,3
DA:37,28
LF:16
LH:16
BRDA:41,0,0,27
BRDA:41,0,1,1
BRDA:43,1,0,27
BRDA:43,1,1,1
BRDA:48,2,0,1
BRDA:48,2,1,27
BRDA:50,3,0,1
BRDA:50,3,1,27
BRF:8
BRH:8
end_of_record
TN:
SF:src/hooks/useCarousel.ts
FN:21,useCarousel
FN:29,(anonymous_1)
FN:30,(anonymous_2)
FN:36,(anonymous_3)
FN:37,(anonymous_4)
FN:42,(anonymous_5)
FNF:6
FNH:6
FNDA:32,useCarousel
FNDA:17,(anonymous_1)
FNDA:17,(anonymous_2)
FNDA:15,(anonymous_3)
FNDA:2,(anonymous_4)
FNDA:15,(anonymous_5)
DA:1,2
DA:3,2
DA:21,2
DA:26,32
DA:28,32
DA:30,17
DA:36,32
DA:37,15
DA:38,2
DA:39,2
DA:41,15
DA:42,15
DA:45,32
DA:47,32
LF:14
LH:14
BRDA:24,0,0,28
BRDA:38,1,0,1
BRDA:39,2,0,1
BRF:3
BRH:3
end_of_record
TN:
SF:src/hooks/useVideoPlayback.ts
FN:18,useVideoPlayback
FN:26,(anonymous_8)
FN:31,(anonymous_9)
FN:43,(anonymous_10)
FN:49,(anonymous_11)
FN:49,(anonymous_12)
FN:54,(anonymous_13)
FNF:7
FNH:5
FNDA:13,useVideoPlayback
FNDA:7,(anonymous_8)
FNDA:0,(anonymous_9)
FNDA:5,(anonymous_10)
FNDA:2,(anonymous_11)
FNDA:2,(anonymous_12)
FNDA:0,(anonymous_13)
DA:1,1
DA:18,1
DA:22,13
DA:23,13
DA:26,13
DA:27,7
DA:28,7
DA:30,7
DA:31,3
DA:34,3
DA:36,4
DA:37,4
DA:38,4
DA:43,13
DA:44,5
DA:45,5
DA:49,13
DA:50,2
DA:51,2
DA:53,2
DA:54,1
DA:57,1
DA:59,1
DA:60,1
DA:64,13
LF:25
LH:25
BRDA:28,0,0,0
BRDA:30,1,0,3
BRDA:30,1,1,4
BRDA:44,2,0,5
BRDA:51,3,0,0
BRDA:53,4,0,1
BRDA:53,4,1,1
BRF:7
BRH:5
end_of_record
TN:
SF:src/utils/carousel.ts
FN:8,circularMod
FN:18,getVisibleIndices
FN:23,(anonymous_2)
FNF:3
FNH:3
FNDA:161,circularMod
FNDA:37,getVisibleIndices
FNDA:136,(anonymous_2)
DA:8,3
DA:9,161
DA:18,3
DA:23,37
DA:24,136
LF:5
LH:5
BRF:0
BRH:0
end_of_record
